Arguments: 
  /Users/mine/.nvm/versions/node/v16.6.2/bin/node /Users/mine/.yarn/bin/yarn.js init

PATH: 
  /Users/mine/.rvm/gems/ruby-2.6.1/bin:/Users/mine/.rvm/gems/ruby-2.6.1@global/bin:/Users/mine/.rvm/rubies/ruby-2.6.1/bin:/Users/mine/.yarn/bin:/Users/mine/.config/yarn/global/node_modules/.bin:/Users/mine/.nvm/versions/node/v16.6.2/bin:/Applications/Postgres.app/Contents/Versions/latest/bin:/usr/local:/usr/local/bin:/usr/local/sbin:/usr/bin:/usr/local/bin:/usr/bin:/bin:/usr/sbin:/sbin:/Library/Apple/usr/bin:/Users/mine/.rvm/bin

Yarn version: 
  1.22.4

Node version: 
  16.6.2

Platform: 
  darwin x64

Trace: 
  Error: canceled
      at Interface.<anonymous> (/Users/mine/.yarn/lib/cli.js:137008:13)
      at Interface.emit (node:events:394:28)
      at Interface._ttyWrite (node:readline:1081:16)
      at ReadStream.onkeypress (node:readline:288:10)
      at ReadStream.emit (node:events:394:28)
      at emitKeys (node:internal/readline/utils:358:14)
      at emitKeys.next (<anonymous>)
      at ReadStream.onData (node:internal/readline/emitKeypressEvents:61:36)
      at ReadStream.emit (node:events:394:28)
      at addChunk (node:internal/streams/readable:312:12)

npm manifest: 
  No manifest

yarn manifest: 
  No manifest

Lockfile: 
  No lockfile
